<?xml version="1.0" encoding="UTF-8"?>
<testng-results ignored="0" total="1" passed="1" failed="0" skipped="0">
  <reporter-output>
  </reporter-output>
  <suite started-at="2024-05-02T01:32:56 TRT" name="Surefire suite" finished-at="2024-05-02T01:32:59 TRT" duration-ms="3036">
    <groups>
      <group name="cucumber">
        <method signature="AbstractTestNGCucumberTests.runScenario(io.cucumber.testng.PickleWrapper,io.cucumber.testng.FeatureWrapper)[pri:0, instance:options.TestRunner@6a74d228]" name="runScenario" class="io.cucumber.testng.AbstractTestNGCucumberTests"/>
      </group> <!-- cucumber -->
    </groups>
    <test started-at="2024-05-02T01:32:56 TRT" name="Surefire test" finished-at="2024-05-02T01:32:59 TRT" duration-ms="3036">
      <class name="options.TestRunner">
        <test-method is-config="true" signature="beforeSuite()[pri:0, instance:options.TestRunner@6a74d228]" started-at="2024-05-02T01:32:56 TRT" name="beforeSuite" finished-at="2024-05-02T01:32:56 TRT" duration-ms="9" status="PASS">
          <reporter-output>
          </reporter-output>
        </test-method> <!-- beforeSuite -->
        <test-method is-config="true" signature="setUpClass(org.testng.ITestContext)[pri:0, instance:options.TestRunner@6a74d228]" started-at="2024-05-02T01:32:56 TRT" name="setUpClass" finished-at="2024-05-02T01:32:56 TRT" duration-ms="348" status="PASS">
          <params>
            <param index="0">
              <value>
                <![CDATA[org.testng.TestRunner@d45acab]]>
              </value>
            </param>
          </params>
          <reporter-output>
          </reporter-output>
        </test-method> <!-- setUpClass -->
        <test-method signature="runScenario(io.cucumber.testng.PickleWrapper,io.cucumber.testng.FeatureWrapper)[pri:0, instance:options.TestRunner@6a74d228]" started-at="2024-05-02T01:32:56 TRT" name="runScenario" description="Runs Cucumber Scenarios" data-provider="scenarios" finished-at="2024-05-02T01:32:58 TRT" duration-ms="1546" status="PASS">
          <params>
            <param index="0">
              <value>
                <![CDATA["post and get with id"]]>
              </value>
            </param>
            <param index="1">
              <value>
                <![CDATA["Optional[HepsiBurada- Api - Case]"]]>
              </value>
            </param>
          </params>
          <reporter-output>
          </reporter-output>
        </test-method> <!-- runScenario -->
        <test-method is-config="true" signature="tearDownClass()[pri:0, instance:options.TestRunner@6a74d228]" started-at="2024-05-02T01:32:58 TRT" name="tearDownClass" finished-at="2024-05-02T01:32:59 TRT" duration-ms="1082" status="PASS">
          <reporter-output>
          </reporter-output>
        </test-method> <!-- tearDownClass -->
        <test-method is-config="true" signature="afterTest()[pri:0, instance:options.TestRunner@6a74d228]" started-at="2024-05-02T01:32:59 TRT" name="afterTest" finished-at="2024-05-02T01:32:59 TRT" duration-ms="1" status="PASS">
          <reporter-output>
          </reporter-output>
        </test-method> <!-- afterTest -->
        <test-method is-config="true" signature="afterSuite()[pri:0, instance:options.TestRunner@6a74d228]" started-at="2024-05-02T01:32:59 TRT" name="afterSuite" finished-at="2024-05-02T01:32:59 TRT" duration-ms="0" status="PASS">
          <reporter-output>
          </reporter-output>
        </test-method> <!-- afterSuite -->
      </class> <!-- options.TestRunner -->
    </test> <!-- Surefire test -->
  </suite> <!-- Surefire suite -->
</testng-results>
